2021-03-26 17:45:55.126  INFO 14732 --- [restartedMain] com.example.myblog.MyblogApplication     : Starting MyblogApplication using Java 15.0.1 on DESKTOP-JEIUI41 with PID 14732 (G:\myblog\myblog\target\classes started by 微风 in G:\myblog)
2021-03-26 17:45:55.142 DEBUG 14732 --- [restartedMain] com.example.myblog.MyblogApplication     : Running with Spring Boot v2.4.3, Spring v5.3.4
2021-03-26 17:45:55.142  INFO 14732 --- [restartedMain] com.example.myblog.MyblogApplication     : No active profile set, falling back to default profiles: default
2021-03-26 17:45:55.224  INFO 14732 --- [restartedMain] .e.DevToolsPropertyDefaultsPostProcessor : Devtools property defaults active! Set 'spring.devtools.add-properties' to 'false' to disable
2021-03-26 17:45:55.225  INFO 14732 --- [restartedMain] .e.DevToolsPropertyDefaultsPostProcessor : For additional web related logging consider setting the 'logging.level.web' property to 'DEBUG'
2021-03-26 17:45:55.739  INFO 14732 --- [restartedMain] .s.d.r.c.RepositoryConfigurationDelegate : Bootstrapping Spring Data JPA repositories in DEFAULT mode.
2021-03-26 17:45:55.817  INFO 14732 --- [restartedMain] .s.d.r.c.RepositoryConfigurationDelegate : Finished Spring Data repository scanning in 66 ms. Found 6 JPA repository interfaces.
2021-03-26 17:45:55.895  WARN 14732 --- [restartedMain] o.m.s.mapper.ClassPathMapperScanner      : No MyBatis mapper was found in '[com.example.myblog]' package. Please check your configuration.
2021-03-26 17:45:56.395  INFO 14732 --- [restartedMain] o.s.b.w.embedded.tomcat.TomcatWebServer  : Tomcat initialized with port(s): 8080 (http)
2021-03-26 17:45:56.395  INFO 14732 --- [restartedMain] o.apache.catalina.core.StandardService   : Starting service [Tomcat]
2021-03-26 17:45:56.395  INFO 14732 --- [restartedMain] org.apache.catalina.core.StandardEngine  : Starting Servlet engine: [Apache Tomcat/9.0.43]
2021-03-26 17:45:56.395  INFO 14732 --- [restartedMain] o.a.catalina.core.AprLifecycleListener   : Loaded Apache Tomcat Native library [1.2.25] using APR version [1.7.0].
2021-03-26 17:45:56.395  INFO 14732 --- [restartedMain] o.a.catalina.core.AprLifecycleListener   : APR capabilities: IPv6 [true], sendfile [true], accept filters [false], random [true].
2021-03-26 17:45:56.395  INFO 14732 --- [restartedMain] o.a.catalina.core.AprLifecycleListener   : APR/OpenSSL configuration: useAprConnector [false], useOpenSSL [true]
2021-03-26 17:45:56.395  INFO 14732 --- [restartedMain] o.a.catalina.core.AprLifecycleListener   : OpenSSL successfully initialized [OpenSSL 1.1.1g  21 Apr 2020]
2021-03-26 17:45:56.457  INFO 14732 --- [restartedMain] o.a.c.c.C.[Tomcat].[localhost].[/]       : Initializing Spring embedded WebApplicationContext
2021-03-26 17:45:56.457  INFO 14732 --- [restartedMain] w.s.c.ServletWebServerApplicationContext : Root WebApplicationContext: initialization completed in 1231 ms
2021-03-26 17:45:56.567  INFO 14732 --- [restartedMain] o.hibernate.jpa.internal.util.LogHelper  : HHH000204: Processing PersistenceUnitInfo [name: default]
2021-03-26 17:45:56.582  INFO 14732 --- [restartedMain] org.hibernate.Version                    : HHH000412: Hibernate ORM core version 5.4.28.Final
2021-03-26 17:45:56.645  INFO 14732 --- [restartedMain] o.hibernate.annotations.common.Version   : HCANN000001: Hibernate Commons Annotations {5.1.2.Final}
2021-03-26 17:45:56.723  INFO 14732 --- [restartedMain] com.zaxxer.hikari.HikariDataSource       : HikariPool-1 - Starting...
2021-03-26 17:45:56.910  INFO 14732 --- [restartedMain] com.zaxxer.hikari.HikariDataSource       : HikariPool-1 - Start completed.
2021-03-26 17:45:56.910  INFO 14732 --- [restartedMain] org.hibernate.dialect.Dialect            : HHH000400: Using dialect: com.example.myblog.MysqlConfig
2021-03-26 17:45:57.571  INFO 14732 --- [restartedMain] o.h.e.t.j.p.i.JtaPlatformInitiator       : HHH000490: Using JtaPlatform implementation: [org.hibernate.engine.transaction.jta.platform.internal.NoJtaPlatform]
2021-03-26 17:45:57.571  INFO 14732 --- [restartedMain] j.LocalContainerEntityManagerFactoryBean : Initialized JPA EntityManagerFactory for persistence unit 'default'
2021-03-26 17:45:57.618  WARN 14732 --- [restartedMain] o.s.b.d.a.OptionalLiveReloadServer       : Unable to start LiveReload server
2021-03-26 17:45:58.384  WARN 14732 --- [restartedMain] JpaBaseConfiguration$JpaWebConfiguration : spring.jpa.open-in-view is enabled by default. Therefore, database queries may be performed during view rendering. Explicitly configure spring.jpa.open-in-view to disable this warning
2021-03-26 17:45:58.509  INFO 14732 --- [restartedMain] o.s.s.concurrent.ThreadPoolTaskExecutor  : Initializing ExecutorService 'applicationTaskExecutor'
2021-03-26 17:45:58.587  INFO 14732 --- [restartedMain] o.s.b.a.w.s.WelcomePageHandlerMapping    : Adding welcome page template: index
2021-03-26 17:45:58.618  INFO 14732 --- [restartedMain] com.example.myblog.WebMvcConfig          : add resourceHandlers
2021-03-26 17:45:59.009  WARN 14732 --- [restartedMain] ConfigServletWebServerApplicationContext : Exception encountered during context initialization - cancelling refresh attempt: org.springframework.context.ApplicationContextException: Failed to start bean 'webServerStartStop'; nested exception is org.springframework.boot.web.server.PortInUseException: Port 8080 is already in use
2021-03-26 17:45:59.009  INFO 14732 --- [restartedMain] o.s.s.concurrent.ThreadPoolTaskExecutor  : Shutting down ExecutorService 'applicationTaskExecutor'
2021-03-26 17:45:59.009  INFO 14732 --- [restartedMain] j.LocalContainerEntityManagerFactoryBean : Closing JPA EntityManagerFactory for persistence unit 'default'
2021-03-26 17:45:59.024  INFO 14732 --- [restartedMain] com.zaxxer.hikari.HikariDataSource       : HikariPool-1 - Shutdown initiated...
2021-03-26 17:45:59.024  INFO 14732 --- [restartedMain] com.zaxxer.hikari.HikariDataSource       : HikariPool-1 - Shutdown completed.
2021-03-26 17:45:59.024  INFO 14732 --- [restartedMain] o.apache.catalina.core.StandardService   : Stopping service [Tomcat]
2021-03-26 17:45:59.024  INFO 14732 --- [restartedMain] ConditionEvaluationReportLoggingListener : 

Error starting ApplicationContext. To display the conditions report re-run your application with 'debug' enabled.
2021-03-26 17:45:59.040 ERROR 14732 --- [restartedMain] o.s.b.d.LoggingFailureAnalysisReporter   : 

***************************
APPLICATION FAILED TO START
***************************

Description:

Web server failed to start. Port 8080 was already in use.

Action:

Identify and stop the process that's listening on port 8080 or configure this application to listen on another port.

2021-03-26 17:46:09.239  INFO 1836 --- [restartedMain] com.example.myblog.MyblogApplication     : Starting MyblogApplication using Java 15.0.1 on DESKTOP-JEIUI41 with PID 1836 (G:\myblog\myblog\target\classes started by 微风 in G:\myblog)
2021-03-26 17:46:09.239 DEBUG 1836 --- [restartedMain] com.example.myblog.MyblogApplication     : Running with Spring Boot v2.4.3, Spring v5.3.4
2021-03-26 17:46:09.239  INFO 1836 --- [restartedMain] com.example.myblog.MyblogApplication     : No active profile set, falling back to default profiles: default
2021-03-26 17:46:09.281  INFO 1836 --- [restartedMain] .e.DevToolsPropertyDefaultsPostProcessor : Devtools property defaults active! Set 'spring.devtools.add-properties' to 'false' to disable
2021-03-26 17:46:09.281  INFO 1836 --- [restartedMain] .e.DevToolsPropertyDefaultsPostProcessor : For additional web related logging consider setting the 'logging.level.web' property to 'DEBUG'
2021-03-26 17:46:09.761  INFO 1836 --- [restartedMain] .s.d.r.c.RepositoryConfigurationDelegate : Bootstrapping Spring Data JPA repositories in DEFAULT mode.
2021-03-26 17:46:09.811  INFO 1836 --- [restartedMain] .s.d.r.c.RepositoryConfigurationDelegate : Finished Spring Data repository scanning in 52 ms. Found 6 JPA repository interfaces.
2021-03-26 17:46:09.889  WARN 1836 --- [restartedMain] o.m.s.mapper.ClassPathMapperScanner      : No MyBatis mapper was found in '[com.example.myblog]' package. Please check your configuration.
2021-03-26 17:46:10.264  INFO 1836 --- [restartedMain] o.s.b.w.embedded.tomcat.TomcatWebServer  : Tomcat initialized with port(s): 8080 (http)
2021-03-26 17:46:10.280  INFO 1836 --- [restartedMain] o.apache.catalina.core.StandardService   : Starting service [Tomcat]
2021-03-26 17:46:10.280  INFO 1836 --- [restartedMain] org.apache.catalina.core.StandardEngine  : Starting Servlet engine: [Apache Tomcat/9.0.43]
2021-03-26 17:46:10.280  INFO 1836 --- [restartedMain] o.a.catalina.core.AprLifecycleListener   : Loaded Apache Tomcat Native library [1.2.25] using APR version [1.7.0].
2021-03-26 17:46:10.280  INFO 1836 --- [restartedMain] o.a.catalina.core.AprLifecycleListener   : APR capabilities: IPv6 [true], sendfile [true], accept filters [false], random [true].
2021-03-26 17:46:10.280  INFO 1836 --- [restartedMain] o.a.catalina.core.AprLifecycleListener   : APR/OpenSSL configuration: useAprConnector [false], useOpenSSL [true]
2021-03-26 17:46:10.280  INFO 1836 --- [restartedMain] o.a.catalina.core.AprLifecycleListener   : OpenSSL successfully initialized [OpenSSL 1.1.1g  21 Apr 2020]
2021-03-26 17:46:10.326  INFO 1836 --- [restartedMain] o.a.c.c.C.[Tomcat].[localhost].[/]       : Initializing Spring embedded WebApplicationContext
2021-03-26 17:46:10.326  INFO 1836 --- [restartedMain] w.s.c.ServletWebServerApplicationContext : Root WebApplicationContext: initialization completed in 1029 ms
2021-03-26 17:46:10.436  INFO 1836 --- [restartedMain] o.hibernate.jpa.internal.util.LogHelper  : HHH000204: Processing PersistenceUnitInfo [name: default]
2021-03-26 17:46:10.451  INFO 1836 --- [restartedMain] org.hibernate.Version                    : HHH000412: Hibernate ORM core version 5.4.28.Final
2021-03-26 17:46:10.514  INFO 1836 --- [restartedMain] o.hibernate.annotations.common.Version   : HCANN000001: Hibernate Commons Annotations {5.1.2.Final}
2021-03-26 17:46:10.576  INFO 1836 --- [restartedMain] com.zaxxer.hikari.HikariDataSource       : HikariPool-1 - Starting...
2021-03-26 17:46:10.764  INFO 1836 --- [restartedMain] com.zaxxer.hikari.HikariDataSource       : HikariPool-1 - Start completed.
2021-03-26 17:46:10.779  INFO 1836 --- [restartedMain] org.hibernate.dialect.Dialect            : HHH000400: Using dialect: com.example.myblog.MysqlConfig
2021-03-26 17:46:11.233  INFO 1836 --- [restartedMain] o.h.e.t.j.p.i.JtaPlatformInitiator       : HHH000490: Using JtaPlatform implementation: [org.hibernate.engine.transaction.jta.platform.internal.NoJtaPlatform]
2021-03-26 17:46:11.249  INFO 1836 --- [restartedMain] j.LocalContainerEntityManagerFactoryBean : Initialized JPA EntityManagerFactory for persistence unit 'default'
2021-03-26 17:46:11.280  INFO 1836 --- [restartedMain] o.s.b.d.a.OptionalLiveReloadServer       : LiveReload server is running on port 35729
2021-03-26 17:46:11.947  WARN 1836 --- [restartedMain] JpaBaseConfiguration$JpaWebConfiguration : spring.jpa.open-in-view is enabled by default. Therefore, database queries may be performed during view rendering. Explicitly configure spring.jpa.open-in-view to disable this warning
2021-03-26 17:46:12.087  INFO 1836 --- [restartedMain] o.s.s.concurrent.ThreadPoolTaskExecutor  : Initializing ExecutorService 'applicationTaskExecutor'
2021-03-26 17:46:12.150  INFO 1836 --- [restartedMain] o.s.b.a.w.s.WelcomePageHandlerMapping    : Adding welcome page template: index
2021-03-26 17:46:12.181  INFO 1836 --- [restartedMain] com.example.myblog.WebMvcConfig          : add resourceHandlers
2021-03-26 17:46:12.431  INFO 1836 --- [restartedMain] o.s.b.w.embedded.tomcat.TomcatWebServer  : Tomcat started on port(s): 8080 (http) with context path ''
2021-03-26 17:46:12.431  INFO 1836 --- [restartedMain] com.example.myblog.MyblogApplication     : Started MyblogApplication in 3.573 seconds (JVM running for 4.187)
2021-03-26 17:46:15.668  INFO 1836 --- [http-nio-8080-exec-1] o.a.c.c.C.[Tomcat].[localhost].[/]       : Initializing Spring DispatcherServlet 'dispatcherServlet'
2021-03-26 17:46:15.668  INFO 1836 --- [http-nio-8080-exec-1] o.s.web.servlet.DispatcherServlet        : Initializing Servlet 'dispatcherServlet'
2021-03-26 17:46:15.669  INFO 1836 --- [http-nio-8080-exec-1] o.s.web.servlet.DispatcherServlet        : Completed initialization in 0 ms
2021-03-26 17:46:15.691  INFO 1836 --- [http-nio-8080-exec-1] com.example.myblog.aspect.LogAspect      : Request : RequestLog{url='http://localhost:8080/', ip='0:0:0:0:0:0:0:1', classMethod='com.example.myblog.web.IndexController.index', args=[Page request [number: 0, size 8, sort: updateTime: DESC], com.example.myblog.pojo.BlogQuery@69a82a55, {blogQuery=com.example.myblog.pojo.BlogQuery@69a82a55, org.springframework.validation.BindingResult.blogQuery=org.springframework.validation.BeanPropertyBindingResult: 0 errors}]}
2021-03-26 17:46:15.759  WARN 1836 --- [http-nio-8080-exec-1] org.hibernate.orm.deprecation            : HHH90000016: Found use of deprecated 'collection property' syntax in HQL/JPQL query [t.blogs.size]; use collection function syntax instead [size(t.blogs)].
2021-03-26 17:46:15.790  WARN 1836 --- [http-nio-8080-exec-1] org.hibernate.orm.deprecation            : HHH90000016: Found use of deprecated 'collection property' syntax in HQL/JPQL query [t.blogs.size]; use collection function syntax instead [size(t.blogs)].
2021-03-26 17:46:15.790  INFO 1836 --- [http-nio-8080-exec-1] com.example.myblog.aspect.LogAspect      : Result : index
2021-03-26 17:46:39.246  INFO 1836 --- [http-nio-8080-exec-9] com.example.myblog.aspect.LogAspect      : Request : RequestLog{url='http://localhost:8080/Messages', ip='0:0:0:0:0:0:0:1', classMethod='com.example.myblog.web.MessageController.Message_board', args=[null, 1, 8, createTime, null, {}]}
2021-03-26 17:46:39.281  INFO 1836 --- [http-nio-8080-exec-9] com.example.myblog.aspect.LogAspect      : Result : message_board
2021-03-26 17:46:43.605  INFO 1836 --- [http-nio-8080-exec-6] com.example.myblog.aspect.LogAspect      : Request : RequestLog{url='http://localhost:8080/archive', ip='0:0:0:0:0:0:0:1', classMethod='com.example.myblog.web.ArchiveShowController.archives', args=[{}]}
2021-03-26 17:46:43.621  INFO 1836 --- [http-nio-8080-exec-6] com.example.myblog.aspect.LogAspect      : Result : archive
2021-03-26 17:46:45.439  INFO 1836 --- [http-nio-8080-exec-6] com.example.myblog.aspect.LogAspect      : Request : RequestLog{url='http://localhost:8080/types/-1', ip='0:0:0:0:0:0:0:1', classMethod='com.example.myblog.web.TypeShowController.types', args=[Page request [number: 0, size 8, sort: updateTime: DESC], -1, {}]}
2021-03-26 17:46:45.450  INFO 1836 --- [http-nio-8080-exec-6] com.example.myblog.aspect.LogAspect      : Result : types
2021-03-26 17:46:45.533  INFO 1836 --- [http-nio-8080-exec-1] com.example.myblog.aspect.LogAspect      : Request : RequestLog{url='http://localhost:8080/types/1', ip='0:0:0:0:0:0:0:1', classMethod='com.example.myblog.web.TypeShowController.types', args=[Page request [number: 0, size 8, sort: updateTime: DESC], 1, {}]}
2021-03-26 17:46:45.542  INFO 1836 --- [http-nio-8080-exec-1] com.example.myblog.aspect.LogAspect      : Result : types
2021-03-26 17:46:46.342  INFO 1836 --- [http-nio-8080-exec-4] com.example.myblog.aspect.LogAspect      : Request : RequestLog{url='http://localhost:8080/', ip='0:0:0:0:0:0:0:1', classMethod='com.example.myblog.web.IndexController.index', args=[Page request [number: 0, size 8, sort: updateTime: DESC], com.example.myblog.pojo.BlogQuery@b131062, {blogQuery=com.example.myblog.pojo.BlogQuery@b131062, org.springframework.validation.BindingResult.blogQuery=org.springframework.validation.BeanPropertyBindingResult: 0 errors}]}
2021-03-26 17:46:46.362  INFO 1836 --- [http-nio-8080-exec-4] com.example.myblog.aspect.LogAspect      : Result : index
2021-03-26 17:49:03.104  INFO 1836 --- [http-nio-8080-exec-10] com.example.myblog.aspect.LogAspect      : Request : RequestLog{url='http://localhost:8080/', ip='0:0:0:0:0:0:0:1', classMethod='com.example.myblog.web.IndexController.index', args=[Page request [number: 0, size 8, sort: updateTime: DESC], com.example.myblog.pojo.BlogQuery@613fbac, {blogQuery=com.example.myblog.pojo.BlogQuery@613fbac, org.springframework.validation.BindingResult.blogQuery=org.springframework.validation.BeanPropertyBindingResult: 0 errors}]}
2021-03-26 17:49:03.121  INFO 1836 --- [http-nio-8080-exec-10] com.example.myblog.aspect.LogAspect      : Result : index
2021-03-26 17:50:00.389  INFO 15148 --- [restartedMain] com.example.myblog.MyblogApplication     : Starting MyblogApplication using Java 15.0.1 on DESKTOP-JEIUI41 with PID 15148 (G:\myblog\myblog\target\classes started by 微风 in G:\myblog)
2021-03-26 17:50:00.389 DEBUG 15148 --- [restartedMain] com.example.myblog.MyblogApplication     : Running with Spring Boot v2.4.3, Spring v5.3.4
2021-03-26 17:50:00.389  INFO 15148 --- [restartedMain] com.example.myblog.MyblogApplication     : No active profile set, falling back to default profiles: default
2021-03-26 17:50:00.441  INFO 15148 --- [restartedMain] .e.DevToolsPropertyDefaultsPostProcessor : Devtools property defaults active! Set 'spring.devtools.add-properties' to 'false' to disable
2021-03-26 17:50:00.441  INFO 15148 --- [restartedMain] .e.DevToolsPropertyDefaultsPostProcessor : For additional web related logging consider setting the 'logging.level.web' property to 'DEBUG'
2021-03-26 17:50:00.933  INFO 15148 --- [restartedMain] .s.d.r.c.RepositoryConfigurationDelegate : Bootstrapping Spring Data JPA repositories in DEFAULT mode.
2021-03-26 17:50:00.996  INFO 15148 --- [restartedMain] .s.d.r.c.RepositoryConfigurationDelegate : Finished Spring Data repository scanning in 46 ms. Found 6 JPA repository interfaces.
2021-03-26 17:50:01.074  WARN 15148 --- [restartedMain] o.m.s.mapper.ClassPathMapperScanner      : No MyBatis mapper was found in '[com.example.myblog]' package. Please check your configuration.
2021-03-26 17:50:01.465  INFO 15148 --- [restartedMain] o.s.b.w.embedded.tomcat.TomcatWebServer  : Tomcat initialized with port(s): 8080 (http)
2021-03-26 17:50:01.465  INFO 15148 --- [restartedMain] o.apache.catalina.core.StandardService   : Starting service [Tomcat]
2021-03-26 17:50:01.465  INFO 15148 --- [restartedMain] org.apache.catalina.core.StandardEngine  : Starting Servlet engine: [Apache Tomcat/9.0.43]
2021-03-26 17:50:01.465  INFO 15148 --- [restartedMain] o.a.catalina.core.AprLifecycleListener   : Loaded Apache Tomcat Native library [1.2.25] using APR version [1.7.0].
2021-03-26 17:50:01.465  INFO 15148 --- [restartedMain] o.a.catalina.core.AprLifecycleListener   : APR capabilities: IPv6 [true], sendfile [true], accept filters [false], random [true].
2021-03-26 17:50:01.465  INFO 15148 --- [restartedMain] o.a.catalina.core.AprLifecycleListener   : APR/OpenSSL configuration: useAprConnector [false], useOpenSSL [true]
2021-03-26 17:50:01.465  INFO 15148 --- [restartedMain] o.a.catalina.core.AprLifecycleListener   : OpenSSL successfully initialized [OpenSSL 1.1.1g  21 Apr 2020]
2021-03-26 17:50:01.527  INFO 15148 --- [restartedMain] o.a.c.c.C.[Tomcat].[localhost].[/]       : Initializing Spring embedded WebApplicationContext
2021-03-26 17:50:01.527  INFO 15148 --- [restartedMain] w.s.c.ServletWebServerApplicationContext : Root WebApplicationContext: initialization completed in 1086 ms
2021-03-26 17:50:01.643  INFO 15148 --- [restartedMain] o.hibernate.jpa.internal.util.LogHelper  : HHH000204: Processing PersistenceUnitInfo [name: default]
2021-03-26 17:50:01.659  INFO 15148 --- [restartedMain] org.hibernate.Version                    : HHH000412: Hibernate ORM core version 5.4.28.Final
2021-03-26 17:50:01.721  INFO 15148 --- [restartedMain] o.hibernate.annotations.common.Version   : HCANN000001: Hibernate Commons Annotations {5.1.2.Final}
2021-03-26 17:50:01.784  INFO 15148 --- [restartedMain] com.zaxxer.hikari.HikariDataSource       : HikariPool-1 - Starting...
2021-03-26 17:50:01.986  INFO 15148 --- [restartedMain] com.zaxxer.hikari.HikariDataSource       : HikariPool-1 - Start completed.
2021-03-26 17:50:01.993  INFO 15148 --- [restartedMain] org.hibernate.dialect.Dialect            : HHH000400: Using dialect: com.example.myblog.MysqlConfig
2021-03-26 17:50:02.462  INFO 15148 --- [restartedMain] o.h.e.t.j.p.i.JtaPlatformInitiator       : HHH000490: Using JtaPlatform implementation: [org.hibernate.engine.transaction.jta.platform.internal.NoJtaPlatform]
2021-03-26 17:50:02.468  INFO 15148 --- [restartedMain] j.LocalContainerEntityManagerFactoryBean : Initialized JPA EntityManagerFactory for persistence unit 'default'
2021-03-26 17:50:02.513  INFO 15148 --- [restartedMain] o.s.b.d.a.OptionalLiveReloadServer       : LiveReload server is running on port 35729
2021-03-26 17:50:03.191  WARN 15148 --- [restartedMain] JpaBaseConfiguration$JpaWebConfiguration : spring.jpa.open-in-view is enabled by default. Therefore, database queries may be performed during view rendering. Explicitly configure spring.jpa.open-in-view to disable this warning
2021-03-26 17:50:03.318  INFO 15148 --- [restartedMain] o.s.s.concurrent.ThreadPoolTaskExecutor  : Initializing ExecutorService 'applicationTaskExecutor'
2021-03-26 17:50:03.380  INFO 15148 --- [restartedMain] o.s.b.a.w.s.WelcomePageHandlerMapping    : Adding welcome page template: index
2021-03-26 17:50:03.412  INFO 15148 --- [restartedMain] com.example.myblog.WebMvcConfig          : add resourceHandlers
2021-03-26 17:50:03.662  INFO 15148 --- [restartedMain] o.s.b.w.embedded.tomcat.TomcatWebServer  : Tomcat started on port(s): 8080 (http) with context path ''
2021-03-26 17:50:03.662  INFO 15148 --- [restartedMain] com.example.myblog.MyblogApplication     : Started MyblogApplication in 3.666 seconds (JVM running for 4.284)
2021-03-26 17:50:10.690  INFO 15148 --- [http-nio-8080-exec-1] o.a.c.c.C.[Tomcat].[localhost].[/]       : Initializing Spring DispatcherServlet 'dispatcherServlet'
2021-03-26 17:50:10.690  INFO 15148 --- [http-nio-8080-exec-1] o.s.web.servlet.DispatcherServlet        : Initializing Servlet 'dispatcherServlet'
2021-03-26 17:50:10.691  INFO 15148 --- [http-nio-8080-exec-1] o.s.web.servlet.DispatcherServlet        : Completed initialization in 1 ms
